BMW
CHEVROLET
UNDETERMINED
UNDETERMINED

UNDETERMINED
UNDETERMINED
UNDETERMINED
UNDETERMINED
UNDETERMINED
UNDETERMINED
Alpina

DAF
UNDETERMINED
UNDETERMINED
UNDETERMINED
UNDETERMINED
UNDETERMINED
BMW
BMW
BMW
Bugatti
BMW

Infiniti
Dongfeng
UNDETERMINED
UNDETERMINED
UNDETERMINED
Bedford
Daewoo
UNDETERMINED
Honda
UNDETERMINED
UNDETERMINED

UNDETERMINED
UNDETERMINED
UNDETERMINED
UNDETERMINED
UNDETERMINED
UNDETERMINED
UNDETERMINED
UNDETERMINED
UNDETERMINED
UNDETERMINED
Ford
UNDETERMINED
UNDETERMINED
UNDETERMINED
UNDETERMINED
UNDETERMINED
UNDETERMINED
UNDETERMINED
UNDETERMINED
UNDETERMINED
UNDETERMINED
UNDETERMINED
UNDETERMINED
UNDETERMINED
UNDETERMINED
UNDETERMINED
Bedford
UNDETERMINED
UNDETERMINED
UNDETERMINED
UNDETERMINED
UNDETERMINED
UNDETERMINED

Lexus
UNDETERMINED
Porsche
UNDETERMINED
UNDETERMINED
UNDETERMINED
UNDETERMINED
UNDETERMINED
UNDETERMINED
UNDETERMINED
Honda
UNDETERMINED
UNDETERMINED
UNDETERMINED
UNDETERMINED
UNDETERMINED
UNDETERMINED
DAF
UNDETERMINED
UNDETERMINED
UNDETERMINED
UNDETERMINED
UNDETERMINED
UNDETERMINED
UNDETERMINED
Chevrolet
UNDETERMINED
UNDETERMINED
UNDETERMINED
UNDETERMINED
UNDETERMINED

UNDETERMINED
Porsche
UNDETERMINED
UNDETERMINED
UNDETERMINED
UNDETERMINED
UNDETERMINED
UNDETERMINED
UNDETERMINED
UNDETERMINED
Porsche
UNDETERMINED
UNDETERMINED
UNDETERMINED
UNDETERMINED
Infiniti
UNDETERMINED
UNDETERMINED
UNDETERMINED
UNDETERMINED
UNDETERMINED
UNDETERMINED
Porsche
